2022-06-09 20:49:06 INFO  ConnectionPoolListener:29 - Pool successfully destroyed
2022-06-09 20:50:02 INFO  ConnectionPoolListener:24 - Pool successfully initialized
2022-06-09 22:01:49 INFO  ConnectionPoolListener:29 - Pool successfully destroyed
2022-06-09 22:04:01 INFO  ConnectionPoolListener:24 - Pool successfully initialized
2022-06-09 22:04:08 INFO  ConnectionPoolListener:29 - Pool successfully destroyed
2022-06-09 22:04:24 INFO  ConnectionPoolListener:24 - Pool successfully initialized
2022-06-09 22:04:34 INFO  ConnectionPoolListener:29 - Pool successfully destroyed
2022-06-09 22:05:49 INFO  ConnectionPoolListener:24 - Pool successfully initialized
2022-06-09 22:05:59 INFO  ConnectionPoolListener:29 - Pool successfully destroyed
2022-06-09 22:06:32 INFO  ConnectionPoolListener:24 - Pool successfully initialized
2022-06-09 22:06:42 INFO  ConnectionPoolListener:29 - Pool successfully destroyed
2022-06-09 22:09:00 INFO  ConnectionPoolListener:24 - Pool successfully initialized
2022-06-09 22:09:10 INFO  ConnectionPoolListener:29 - Pool successfully destroyed
2022-06-09 22:10:42 INFO  ConnectionPoolListener:24 - Pool successfully initialized
2022-06-09 22:10:57 INFO  ConnectionPoolListener:29 - Pool successfully destroyed
2022-06-09 22:21:59 INFO  ConnectionPoolListener:24 - Pool successfully initialized
2022-06-09 22:22:07 INFO  ConnectionPoolListener:29 - Pool successfully destroyed
2022-06-09 22:32:04 INFO  ConnectionPoolListener:24 - Pool successfully initialized
2022-06-09 22:32:11 INFO  ConnectionPoolListener:29 - Pool successfully destroyed
2022-06-09 22:37:28 INFO  ConnectionPoolListener:24 - Pool successfully initialized
2022-06-09 22:37:36 INFO  ConnectionPoolListener:29 - Pool successfully destroyed
2022-06-09 22:37:46 INFO  ConnectionPoolListener:24 - Pool successfully initialized
2022-06-09 22:39:26 INFO  ConnectionPoolListener:29 - Pool successfully destroyed
2022-06-09 22:39:58 INFO  ConnectionPoolListener:24 - Pool successfully initialized
2022-06-09 22:40:07 INFO  ConnectionPoolListener:29 - Pool successfully destroyed
2022-06-09 22:43:56 INFO  ConnectionPoolListener:24 - Pool successfully initialized
2022-06-09 22:44:03 INFO  ConnectionPoolListener:29 - Pool successfully destroyed
2022-06-09 22:54:02 INFO  ConnectionPoolListener:24 - Pool successfully initialized
2022-06-09 22:54:09 INFO  ConnectionPoolListener:29 - Pool successfully destroyed
2022-06-09 22:54:43 INFO  ConnectionPoolListener:24 - Pool successfully initialized
2022-06-09 22:54:51 INFO  ConnectionPoolListener:29 - Pool successfully destroyed
2022-06-09 22:58:03 INFO  ConnectionPoolListener:24 - Pool successfully initialized
2022-06-09 22:58:10 INFO  ConnectionPoolListener:29 - Pool successfully destroyed
2022-06-09 22:59:17 INFO  ConnectionPoolListener:24 - Pool successfully initialized
2022-06-09 23:12:42 INFO  ConnectionPoolListener:29 - Pool successfully destroyed
2022-06-09 23:13:28 INFO  ConnectionPoolListener:24 - Pool successfully initialized
2022-06-09 23:13:36 INFO  ConnectionPoolListener:29 - Pool successfully destroyed
2022-06-09 23:14:34 INFO  ConnectionPoolListener:24 - Pool successfully initialized
2022-06-09 23:14:41 INFO  ConnectionPoolListener:29 - Pool successfully destroyed
2022-06-09 23:15:16 INFO  ConnectionPoolListener:24 - Pool successfully initialized
2022-06-09 23:15:23 INFO  ConnectionPoolListener:29 - Pool successfully destroyed
2022-06-10 00:33:00 INFO  ConnectionPoolListener:24 - Pool successfully initialized
2022-06-10 01:10:10 INFO  ConnectionPoolListener:29 - Pool successfully destroyed
2022-06-10 01:10:39 INFO  ConnectionPoolListener:24 - Pool successfully initialized
2022-06-10 02:56:26 INFO  ConnectionPoolListener:29 - Pool successfully destroyed
2022-06-10 03:10:49 INFO  ConnectionPoolListener:24 - Pool successfully initialized
2022-06-10 03:11:01 INFO  ConnectionPoolListener:29 - Pool successfully destroyed
2022-06-10 03:11:26 INFO  ConnectionPoolListener:24 - Pool successfully initialized
2022-06-10 03:11:44 INFO  ConnectionPoolListener:29 - Pool successfully destroyed
2022-06-10 03:11:54 INFO  ConnectionPoolListener:24 - Pool successfully initialized
2022-06-10 03:18:46 INFO  ConnectionPoolListener:29 - Pool successfully destroyed
2022-06-10 03:19:24 INFO  ConnectionPoolListener:24 - Pool successfully initialized
2022-06-10 03:19:31 INFO  ConnectionPoolListener:29 - Pool successfully destroyed
2022-06-10 03:20:08 INFO  ConnectionPoolListener:24 - Pool successfully initialized
2022-06-10 03:20:16 INFO  ConnectionPoolListener:29 - Pool successfully destroyed
2022-06-10 03:20:30 INFO  ConnectionPoolListener:24 - Pool successfully initialized
2022-06-10 03:20:37 INFO  ConnectionPoolListener:29 - Pool successfully destroyed
2022-06-10 03:20:59 INFO  ConnectionPoolListener:24 - Pool successfully initialized
2022-06-10 03:21:10 INFO  ConnectionPoolListener:29 - Pool successfully destroyed
2022-06-10 03:21:53 INFO  ConnectionPoolListener:24 - Pool successfully initialized
2022-06-10 03:22:29 INFO  ConnectionPoolListener:29 - Pool successfully destroyed
2022-06-10 03:22:41 INFO  ConnectionPoolListener:24 - Pool successfully initialized
2022-06-10 03:27:50 INFO  ConnectionPoolListener:29 - Pool successfully destroyed
2022-06-10 03:28:09 INFO  ConnectionPoolListener:24 - Pool successfully initialized
2022-06-10 03:28:16 INFO  ConnectionPoolListener:29 - Pool successfully destroyed
2022-06-10 03:36:43 INFO  ConnectionPoolListener:24 - Pool successfully initialized
2022-06-10 03:36:51 INFO  ConnectionPoolListener:29 - Pool successfully destroyed
2022-06-10 03:40:25 INFO  ConnectionPoolListener:24 - Pool successfully initialized
2022-06-10 14:38:38 INFO  ConnectionPoolListener:29 - Pool successfully destroyed
2022-06-10 14:44:04 INFO  ConnectionPoolListener:24 - Pool successfully initialized
2022-06-10 17:13:06 INFO  ConnectionPoolListener:29 - Pool successfully destroyed
2022-06-10 17:14:16 INFO  ConnectionPoolListener:24 - Pool successfully initialized
2022-06-10 18:06:13 INFO  ConnectionPoolListener:29 - Pool successfully destroyed
2022-06-10 18:06:50 INFO  ConnectionPoolListener:24 - Pool successfully initialized
2022-06-10 18:06:59 INFO  ConnectionPoolListener:29 - Pool successfully destroyed
2022-06-10 18:10:13 INFO  ConnectionPoolListener:24 - Pool successfully initialized
2022-06-10 21:40:04 INFO  ConnectionPoolListener:29 - Pool successfully destroyed
2022-06-10 21:52:25 INFO  ConnectionPoolListener:24 - Pool successfully initialized
2022-06-10 21:52:32 INFO  ConnectionPoolListener:29 - Pool successfully destroyed
2022-06-10 21:54:50 INFO  ConnectionPoolListener:24 - Pool successfully initialized
2022-06-10 21:54:57 INFO  ConnectionPoolListener:29 - Pool successfully destroyed
2022-06-10 22:00:35 INFO  ConnectionPoolListener:24 - Pool successfully initialized
2022-06-10 22:00:43 INFO  ConnectionPoolListener:29 - Pool successfully destroyed
2022-06-10 22:03:30 INFO  ConnectionPoolListener:24 - Pool successfully initialized
2022-06-10 22:03:37 INFO  ConnectionPoolListener:29 - Pool successfully destroyed
2022-06-10 22:04:42 INFO  ConnectionPoolListener:24 - Pool successfully initialized
2022-06-10 22:04:50 INFO  ConnectionPoolListener:29 - Pool successfully destroyed
2022-06-10 22:06:17 INFO  ConnectionPoolListener:24 - Pool successfully initialized
2022-06-10 22:06:25 INFO  ConnectionPoolListener:29 - Pool successfully destroyed
2022-06-10 22:07:07 INFO  ConnectionPoolListener:24 - Pool successfully initialized
2022-06-10 22:07:14 INFO  ConnectionPoolListener:29 - Pool successfully destroyed
2022-06-10 22:08:42 INFO  ConnectionPoolListener:24 - Pool successfully initialized
2022-06-10 22:08:49 INFO  ConnectionPoolListener:29 - Pool successfully destroyed
2022-06-10 22:10:41 INFO  ConnectionPoolListener:24 - Pool successfully initialized
2022-06-10 22:10:48 INFO  ConnectionPoolListener:29 - Pool successfully destroyed
2022-06-10 22:11:10 INFO  ConnectionPoolListener:24 - Pool successfully initialized
2022-06-10 22:12:10 INFO  ConnectionPoolListener:29 - Pool successfully destroyed
2022-06-10 22:13:12 INFO  ConnectionPoolListener:24 - Pool successfully initialized
2022-06-10 22:13:20 INFO  ConnectionPoolListener:29 - Pool successfully destroyed
2022-06-10 22:14:28 INFO  ConnectionPoolListener:24 - Pool successfully initialized
2022-06-10 22:14:36 INFO  ConnectionPoolListener:29 - Pool successfully destroyed
2022-06-10 22:20:23 INFO  ConnectionPoolListener:24 - Pool successfully initialized
2022-06-10 22:20:31 INFO  ConnectionPoolListener:29 - Pool successfully destroyed
2022-06-10 22:24:06 INFO  ConnectionPoolListener:24 - Pool successfully initialized
2022-06-10 22:24:14 INFO  ConnectionPoolListener:29 - Pool successfully destroyed
2022-06-10 22:25:30 INFO  ConnectionPoolListener:24 - Pool successfully initialized
2022-06-10 22:25:37 INFO  ConnectionPoolListener:29 - Pool successfully destroyed
2022-06-10 22:30:47 INFO  ConnectionPoolListener:24 - Pool successfully initialized
2022-06-10 22:30:54 INFO  ConnectionPoolListener:29 - Pool successfully destroyed
2022-06-10 22:34:17 INFO  ConnectionPoolListener:24 - Pool successfully initialized
2022-06-10 22:34:25 INFO  ConnectionPoolListener:29 - Pool successfully destroyed
2022-06-10 22:48:38 INFO  ConnectionPoolListener:24 - Pool successfully initialized
2022-06-10 22:48:46 INFO  ConnectionPoolListener:29 - Pool successfully destroyed
2022-06-10 22:49:32 INFO  ConnectionPoolListener:24 - Pool successfully initialized
2022-06-10 22:49:39 INFO  ConnectionPoolListener:29 - Pool successfully destroyed
2022-06-10 22:55:53 INFO  ConnectionPoolListener:24 - Pool successfully initialized
2022-06-10 22:56:00 INFO  ConnectionPoolListener:29 - Pool successfully destroyed
2022-06-10 22:57:17 INFO  ConnectionPoolListener:24 - Pool successfully initialized
2022-06-10 22:58:16 INFO  ConnectionPoolListener:29 - Pool successfully destroyed
2022-06-10 23:02:53 INFO  ConnectionPoolListener:24 - Pool successfully initialized
2022-06-10 23:33:09 INFO  ConnectionPoolListener:29 - Pool successfully destroyed
2022-06-10 23:35:48 INFO  ConnectionPoolListener:24 - Pool successfully initialized
2022-06-11 09:54:48 INFO  ConnectionPoolListener:29 - Pool successfully destroyed
2022-06-11 09:59:08 INFO  ConnectionPoolListener:24 - Pool successfully initialized
2022-06-11 09:59:44 INFO  ConnectionPoolListener:29 - Pool successfully destroyed
2022-06-11 10:01:24 INFO  ConnectionPoolListener:24 - Pool successfully initialized
2022-06-11 10:01:35 INFO  ConnectionPoolListener:29 - Pool successfully destroyed
2022-06-11 10:10:09 INFO  ConnectionPoolListener:24 - Pool successfully initialized
2022-06-11 10:10:20 INFO  ConnectionPoolListener:29 - Pool successfully destroyed
2022-06-11 10:21:47 INFO  ConnectionPoolListener:24 - Pool successfully initialized
2022-06-11 10:33:03 INFO  ConnectionPoolListener:29 - Pool successfully destroyed
2022-06-11 10:33:39 INFO  ConnectionPoolListener:24 - Pool successfully initialized
2022-06-11 10:35:29 INFO  ConnectionPoolListener:29 - Pool successfully destroyed
2022-06-11 10:39:00 INFO  ConnectionPoolListener:24 - Pool successfully initialized
2022-06-11 10:39:11 INFO  ConnectionPoolListener:29 - Pool successfully destroyed
2022-06-11 10:39:47 INFO  ConnectionPoolListener:24 - Pool successfully initialized
2022-06-11 10:39:58 INFO  ConnectionPoolListener:29 - Pool successfully destroyed
2022-06-11 10:42:55 INFO  ConnectionPoolListener:24 - Pool successfully initialized
2022-06-11 10:43:07 INFO  ConnectionPoolListener:29 - Pool successfully destroyed
2022-06-11 10:44:01 INFO  ConnectionPoolListener:24 - Pool successfully initialized
2022-06-11 10:44:11 INFO  ConnectionPoolListener:29 - Pool successfully destroyed
2022-06-11 10:45:32 INFO  ConnectionPoolListener:24 - Pool successfully initialized
2022-06-11 12:03:35 INFO  ConnectionPoolListener:29 - Pool successfully destroyed
2022-06-11 12:05:28 INFO  ConnectionPoolListener:24 - Pool successfully initialized
2022-06-11 12:05:37 INFO  ConnectionPoolListener:29 - Pool successfully destroyed
2022-06-11 12:06:10 INFO  ConnectionPoolListener:24 - Pool successfully initialized
2022-06-11 12:06:18 INFO  ConnectionPoolListener:29 - Pool successfully destroyed
2022-06-11 12:44:26 INFO  ConnectionPoolListener:24 - Pool successfully initialized
2022-06-11 12:44:38 INFO  ConnectionPoolListener:29 - Pool successfully destroyed
2022-06-11 12:45:57 INFO  ConnectionPoolListener:24 - Pool successfully initialized
2022-06-11 12:46:08 INFO  ConnectionPoolListener:29 - Pool successfully destroyed
2022-06-11 12:46:33 INFO  ConnectionPoolListener:24 - Pool successfully initialized
2022-06-11 12:46:43 INFO  ConnectionPoolListener:29 - Pool successfully destroyed
2022-06-11 12:48:57 INFO  ConnectionPoolListener:24 - Pool successfully initialized
2022-06-11 18:03:36 INFO  ConnectionPoolListener:29 - Pool successfully destroyed
2022-06-11 18:05:20 INFO  ConnectionPoolListener:24 - Pool successfully initialized
2022-06-11 18:05:28 INFO  ConnectionPoolListener:29 - Pool successfully destroyed
2022-06-11 18:06:02 INFO  ConnectionPoolListener:24 - Pool successfully initialized
2022-06-11 18:06:09 INFO  ConnectionPoolListener:29 - Pool successfully destroyed
2022-06-11 18:09:06 INFO  ConnectionPoolListener:24 - Pool successfully initialized
2022-06-11 18:09:14 INFO  ConnectionPoolListener:29 - Pool successfully destroyed
2022-06-11 18:16:21 INFO  ConnectionPoolListener:24 - Pool successfully initialized
2022-06-12 12:47:25 INFO  ConnectionPoolListener:29 - Pool successfully destroyed
2022-06-12 12:54:28 INFO  ConnectionPoolListener:24 - Pool successfully initialized
2022-06-12 13:00:08 INFO  ConnectionPoolListener:29 - Pool successfully destroyed
2022-06-12 13:00:28 INFO  ConnectionPoolListener:24 - Pool successfully initialized
2022-06-12 13:02:56 INFO  ConnectionPoolListener:29 - Pool successfully destroyed
2022-06-12 13:07:21 INFO  ConnectionPoolListener:24 - Pool successfully initialized
2022-06-12 13:07:29 INFO  ConnectionPoolListener:29 - Pool successfully destroyed
2022-06-12 13:08:05 INFO  ConnectionPoolListener:24 - Pool successfully initialized
2022-06-12 13:08:20 INFO  ConnectionPoolListener:29 - Pool successfully destroyed
2022-06-12 13:12:11 INFO  ConnectionPoolListener:24 - Pool successfully initialized
2022-06-12 13:12:19 INFO  ConnectionPoolListener:29 - Pool successfully destroyed
2022-06-12 13:13:58 INFO  ConnectionPoolListener:24 - Pool successfully initialized
2022-06-12 13:14:07 INFO  ConnectionPoolListener:29 - Pool successfully destroyed
2022-06-12 13:21:59 INFO  ConnectionPoolListener:24 - Pool successfully initialized
2022-06-12 13:22:07 INFO  ConnectionPoolListener:29 - Pool successfully destroyed
2022-06-12 13:37:36 INFO  ConnectionPoolListener:24 - Pool successfully initialized
2022-06-12 19:29:21 INFO  ConnectionPoolListener:29 - Pool successfully destroyed
2022-06-12 20:02:08 INFO  ConnectionPoolListener:24 - Pool successfully initialized
2022-06-12 20:02:18 INFO  ConnectionPoolListener:29 - Pool successfully destroyed
2022-06-12 20:15:14 INFO  ConnectionPoolListener:24 - Pool successfully initialized
2022-06-12 20:15:37 INFO  ConnectionPoolListener:29 - Pool successfully destroyed
2022-06-12 20:16:21 INFO  ConnectionPoolListener:24 - Pool successfully initialized
2022-06-12 20:16:30 INFO  ConnectionPoolListener:29 - Pool successfully destroyed
2022-06-12 20:19:33 INFO  ConnectionPoolListener:24 - Pool successfully initialized
2022-06-12 20:19:42 INFO  ConnectionPoolListener:29 - Pool successfully destroyed
2022-06-12 20:32:14 INFO  ConnectionPoolListener:24 - Pool successfully initialized
2022-06-12 20:32:23 INFO  ConnectionPoolListener:29 - Pool successfully destroyed
2022-06-12 20:42:10 INFO  ConnectionPoolListener:24 - Pool successfully initialized
2022-06-12 20:42:18 INFO  ConnectionPoolListener:29 - Pool successfully destroyed
2022-06-12 21:52:53 INFO  ConnectionPoolListener:24 - Pool successfully initialized
2022-06-12 21:53:23 INFO  ConnectionPoolListener:29 - Pool successfully destroyed
2022-06-12 21:53:52 INFO  ConnectionPoolListener:24 - Pool successfully initialized
2022-06-12 21:53:59 INFO  ConnectionPoolListener:29 - Pool successfully destroyed
2022-06-12 22:00:57 INFO  ConnectionPoolListener:24 - Pool successfully initialized
2022-06-12 22:36:14 INFO  ConnectionPoolListener:29 - Pool successfully destroyed
2022-06-12 22:42:26 INFO  ConnectionPoolListener:24 - Pool successfully initialized
2022-06-12 22:42:33 INFO  ConnectionPoolListener:29 - Pool successfully destroyed
2022-06-12 22:43:48 INFO  ConnectionPoolListener:24 - Pool successfully initialized
2022-06-12 22:43:56 INFO  ConnectionPoolListener:29 - Pool successfully destroyed
2022-06-12 22:45:58 INFO  ConnectionPoolListener:24 - Pool successfully initialized
2022-06-12 22:46:05 INFO  ConnectionPoolListener:29 - Pool successfully destroyed
2022-06-12 22:47:33 INFO  ConnectionPoolListener:24 - Pool successfully initialized
2022-06-12 22:47:41 INFO  ConnectionPoolListener:29 - Pool successfully destroyed
2022-06-12 22:57:44 INFO  ConnectionPoolListener:24 - Pool successfully initialized
2022-06-12 22:57:52 INFO  ConnectionPoolListener:29 - Pool successfully destroyed
2022-06-12 23:11:33 INFO  ConnectionPoolListener:24 - Pool successfully initialized
2022-06-12 23:11:45 INFO  ConnectionPoolListener:29 - Pool successfully destroyed
2022-06-12 23:13:53 INFO  ConnectionPoolListener:24 - Pool successfully initialized
2022-06-12 23:14:04 INFO  ConnectionPoolListener:29 - Pool successfully destroyed
2022-06-12 23:18:27 INFO  ConnectionPoolListener:24 - Pool successfully initialized
2022-06-12 23:18:39 INFO  ConnectionPoolListener:29 - Pool successfully destroyed
2022-06-12 23:23:52 INFO  ConnectionPoolListener:24 - Pool successfully initialized
2022-06-12 23:25:18 INFO  ConnectionPoolListener:29 - Pool successfully destroyed
2022-06-12 23:27:16 INFO  ConnectionPoolListener:24 - Pool successfully initialized
2022-06-12 23:27:36 INFO  ConnectionPoolListener:29 - Pool successfully destroyed
2022-06-12 23:30:05 INFO  ConnectionPoolListener:24 - Pool successfully initialized
2022-06-12 23:30:15 INFO  ConnectionPoolListener:29 - Pool successfully destroyed
2022-06-12 23:33:27 INFO  ConnectionPoolListener:24 - Pool successfully initialized
2022-06-12 23:33:38 INFO  ConnectionPoolListener:29 - Pool successfully destroyed
2022-06-12 23:37:10 INFO  ConnectionPoolListener:24 - Pool successfully initialized
2022-06-12 23:37:21 INFO  ConnectionPoolListener:29 - Pool successfully destroyed
2022-06-12 23:37:59 INFO  ConnectionPoolListener:24 - Pool successfully initialized
2022-06-12 23:38:11 INFO  ConnectionPoolListener:29 - Pool successfully destroyed
2022-06-12 23:48:01 INFO  ConnectionPoolListener:24 - Pool successfully initialized
2022-06-13 11:43:41 INFO  ConnectionPoolListener:29 - Pool successfully destroyed
2022-06-13 12:08:06 INFO  ConnectionPoolListener:24 - Pool successfully initialized
2022-06-13 12:08:16 INFO  ConnectionPoolListener:29 - Pool successfully destroyed
2022-06-13 12:11:12 INFO  ConnectionPoolListener:24 - Pool successfully initialized
2022-06-13 12:11:21 INFO  ConnectionPoolListener:29 - Pool successfully destroyed
2022-06-13 12:12:14 INFO  ConnectionPoolListener:24 - Pool successfully initialized
2022-06-13 12:12:24 INFO  ConnectionPoolListener:29 - Pool successfully destroyed
2022-06-13 12:12:58 INFO  ConnectionPoolListener:24 - Pool successfully initialized
2022-06-13 12:13:08 INFO  ConnectionPoolListener:29 - Pool successfully destroyed
2022-06-13 12:14:09 INFO  ConnectionPoolListener:24 - Pool successfully initialized
2022-06-13 12:14:17 INFO  ConnectionPoolListener:29 - Pool successfully destroyed
2022-06-13 12:20:35 INFO  ConnectionPoolListener:24 - Pool successfully initialized
2022-06-13 12:20:44 INFO  ConnectionPoolListener:29 - Pool successfully destroyed
2022-06-13 12:30:45 INFO  ConnectionPoolListener:24 - Pool successfully initialized
2022-06-13 12:30:56 INFO  ConnectionPoolListener:29 - Pool successfully destroyed
2022-06-13 12:31:42 INFO  ConnectionPoolListener:24 - Pool successfully initialized
2022-06-13 12:31:51 INFO  ConnectionPoolListener:29 - Pool successfully destroyed
2022-06-13 12:34:31 INFO  ConnectionPoolListener:24 - Pool successfully initialized
2022-06-13 12:34:41 INFO  ConnectionPoolListener:29 - Pool successfully destroyed
2022-06-13 12:35:37 INFO  ConnectionPoolListener:24 - Pool successfully initialized
2022-06-13 12:35:47 INFO  ConnectionPoolListener:29 - Pool successfully destroyed
2022-06-13 12:38:27 INFO  ConnectionPoolListener:24 - Pool successfully initialized
2022-06-13 12:38:38 INFO  ConnectionPoolListener:29 - Pool successfully destroyed
2022-06-13 12:44:08 INFO  ConnectionPoolListener:24 - Pool successfully initialized
2022-06-13 12:44:17 INFO  ConnectionPoolListener:29 - Pool successfully destroyed
2022-06-13 15:18:40 INFO  ConnectionPoolListener:24 - Pool successfully initialized
2022-06-13 15:49:56 INFO  ConnectionPoolListener:29 - Pool successfully destroyed
2022-06-13 15:59:01 INFO  ConnectionPoolListener:24 - Pool successfully initialized
2022-06-13 15:59:09 INFO  ConnectionPoolListener:29 - Pool successfully destroyed
2022-06-13 16:01:53 INFO  ConnectionPoolListener:24 - Pool successfully initialized
2022-06-13 16:02:03 INFO  ConnectionPoolListener:29 - Pool successfully destroyed
2022-06-13 16:10:26 INFO  ConnectionPoolListener:24 - Pool successfully initialized
2022-06-13 16:37:27 INFO  ConnectionPoolListener:29 - Pool successfully destroyed
2022-06-13 16:59:59 INFO  ConnectionPoolListener:24 - Pool successfully initialized
2022-06-13 17:00:07 INFO  ConnectionPoolListener:29 - Pool successfully destroyed
2022-06-13 17:02:13 INFO  ConnectionPoolListener:24 - Pool successfully initialized
2022-06-13 17:02:21 INFO  ConnectionPoolListener:29 - Pool successfully destroyed
2022-06-13 17:03:47 INFO  ConnectionPoolListener:24 - Pool successfully initialized
2022-06-13 17:03:55 INFO  ConnectionPoolListener:29 - Pool successfully destroyed
2022-06-13 17:10:52 INFO  ConnectionPoolListener:24 - Pool successfully initialized
2022-06-13 17:11:00 INFO  ConnectionPoolListener:29 - Pool successfully destroyed
2022-06-13 17:11:30 INFO  ConnectionPoolListener:24 - Pool successfully initialized
2022-06-13 17:11:37 INFO  ConnectionPoolListener:29 - Pool successfully destroyed
2022-06-13 17:11:55 INFO  ConnectionPoolListener:24 - Pool successfully initialized
2022-06-13 17:12:02 INFO  ConnectionPoolListener:29 - Pool successfully destroyed
2022-06-13 17:12:51 INFO  ConnectionPoolListener:24 - Pool successfully initialized
2022-06-13 17:12:59 INFO  ConnectionPoolListener:29 - Pool successfully destroyed
2022-06-13 17:14:03 INFO  ConnectionPoolListener:24 - Pool successfully initialized
2022-06-13 17:14:11 INFO  ConnectionPoolListener:29 - Pool successfully destroyed
2022-06-13 17:15:37 INFO  ConnectionPoolListener:24 - Pool successfully initialized
2022-06-13 17:15:44 INFO  ConnectionPoolListener:29 - Pool successfully destroyed
2022-06-13 17:21:19 INFO  ConnectionPoolListener:24 - Pool successfully initialized
2022-06-13 17:21:26 INFO  ConnectionPoolListener:29 - Pool successfully destroyed
2022-06-13 17:24:33 INFO  ConnectionPoolListener:24 - Pool successfully initialized
2022-06-13 17:24:41 INFO  ConnectionPoolListener:29 - Pool successfully destroyed
2022-06-13 17:24:53 INFO  ConnectionPoolListener:24 - Pool successfully initialized
2022-06-13 17:25:01 INFO  ConnectionPoolListener:29 - Pool successfully destroyed
2022-06-13 17:25:23 INFO  ConnectionPoolListener:24 - Pool successfully initialized
2022-06-13 17:25:31 INFO  ConnectionPoolListener:29 - Pool successfully destroyed
2022-06-13 17:25:50 INFO  ConnectionPoolListener:24 - Pool successfully initialized
2022-06-13 17:25:57 INFO  ConnectionPoolListener:29 - Pool successfully destroyed
2022-06-13 17:34:39 INFO  ConnectionPoolListener:24 - Pool successfully initialized
2022-06-13 17:34:47 INFO  ConnectionPoolListener:29 - Pool successfully destroyed
2022-06-13 17:48:36 INFO  ConnectionPoolListener:24 - Pool successfully initialized
2022-06-13 17:48:44 INFO  ConnectionPoolListener:29 - Pool successfully destroyed
2022-06-13 17:54:22 INFO  ConnectionPoolListener:24 - Pool successfully initialized
2022-06-13 17:54:29 INFO  ConnectionPoolListener:29 - Pool successfully destroyed
2022-06-13 17:59:26 INFO  ConnectionPoolListener:24 - Pool successfully initialized
2022-06-13 17:59:34 INFO  ConnectionPoolListener:29 - Pool successfully destroyed
2022-06-13 18:05:34 INFO  ConnectionPoolListener:24 - Pool successfully initialized
2022-06-13 18:05:42 INFO  ConnectionPoolListener:29 - Pool successfully destroyed
2022-06-13 18:06:23 INFO  ConnectionPoolListener:24 - Pool successfully initialized
2022-06-13 18:06:32 INFO  ConnectionPoolListener:29 - Pool successfully destroyed
2022-06-13 18:06:43 INFO  ConnectionPoolListener:24 - Pool successfully initialized
2022-06-13 18:06:51 INFO  ConnectionPoolListener:29 - Pool successfully destroyed
2022-06-13 18:10:00 INFO  ConnectionPoolListener:24 - Pool successfully initialized
2022-06-13 18:10:08 INFO  ConnectionPoolListener:29 - Pool successfully destroyed
2022-06-13 18:10:13 INFO  ConnectionPoolListener:24 - Pool successfully initialized
2022-06-13 18:10:21 INFO  ConnectionPoolListener:29 - Pool successfully destroyed
2022-06-13 18:14:40 INFO  ConnectionPoolListener:24 - Pool successfully initialized
2022-06-13 18:14:48 INFO  ConnectionPoolListener:29 - Pool successfully destroyed
2022-06-13 18:31:53 INFO  ConnectionPoolListener:24 - Pool successfully initialized
2022-06-13 18:32:00 INFO  ConnectionPoolListener:29 - Pool successfully destroyed
2022-06-13 19:06:14 INFO  ConnectionPoolListener:24 - Pool successfully initialized
2022-06-13 19:06:23 INFO  ConnectionPoolListener:29 - Pool successfully destroyed
2022-06-13 19:08:21 INFO  ConnectionPoolListener:24 - Pool successfully initialized
2022-06-13 19:08:29 INFO  ConnectionPoolListener:29 - Pool successfully destroyed
2022-06-13 19:12:20 INFO  ConnectionPoolListener:24 - Pool successfully initialized
2022-06-13 19:12:37 INFO  ConnectionPoolListener:29 - Pool successfully destroyed
2022-06-13 22:12:12 INFO  ConnectionPoolListener:24 - Pool successfully initialized
2022-06-14 08:55:53 INFO  ConnectionPoolListener:29 - Pool successfully destroyed
2022-06-14 09:11:18 INFO  ConnectionPoolListener:24 - Pool successfully initialized
2022-06-14 09:11:31 INFO  ConnectionPoolListener:29 - Pool successfully destroyed
2022-06-14 09:26:36 INFO  ConnectionPoolListener:24 - Pool successfully initialized
2022-06-14 09:26:47 INFO  ConnectionPoolListener:29 - Pool successfully destroyed
2022-06-14 09:53:39 INFO  ConnectionPoolListener:24 - Pool successfully initialized
2022-06-14 09:54:48 INFO  ConnectionPoolListener:29 - Pool successfully destroyed
2022-06-14 09:55:57 INFO  ConnectionPoolListener:24 - Pool successfully initialized
2022-06-14 09:56:09 INFO  ConnectionPoolListener:29 - Pool successfully destroyed
2022-06-14 11:00:28 INFO  ConnectionPoolListener:24 - Pool successfully initialized
2022-06-14 11:00:41 INFO  ConnectionPoolListener:29 - Pool successfully destroyed
2022-06-14 11:01:11 INFO  ConnectionPoolListener:24 - Pool successfully initialized
2022-06-14 11:01:24 INFO  ConnectionPoolListener:29 - Pool successfully destroyed
2022-06-14 11:02:21 INFO  ConnectionPoolListener:24 - Pool successfully initialized
2022-06-14 11:02:33 INFO  ConnectionPoolListener:29 - Pool successfully destroyed
2022-06-14 11:03:07 INFO  ConnectionPoolListener:24 - Pool successfully initialized
2022-06-14 11:03:20 INFO  ConnectionPoolListener:29 - Pool successfully destroyed
2022-06-14 13:33:53 INFO  ConnectionPoolListener:24 - Pool successfully initialized
2022-06-14 13:34:02 INFO  ConnectionPoolListener:29 - Pool successfully destroyed
2022-06-14 13:35:50 INFO  ConnectionPoolListener:24 - Pool successfully initialized
2022-06-14 13:46:17 INFO  ConnectionPoolListener:29 - Pool successfully destroyed
2022-06-14 13:49:10 INFO  ConnectionPoolListener:24 - Pool successfully initialized
2022-06-14 13:49:20 INFO  ConnectionPoolListener:29 - Pool successfully destroyed
2022-06-14 13:50:02 INFO  ConnectionPoolListener:24 - Pool successfully initialized
2022-06-14 13:50:11 INFO  ConnectionPoolListener:29 - Pool successfully destroyed
2022-06-14 13:54:49 INFO  ConnectionPoolListener:24 - Pool successfully initialized
2022-06-14 13:54:58 INFO  ConnectionPoolListener:29 - Pool successfully destroyed
2022-06-14 14:03:08 INFO  ConnectionPoolListener:24 - Pool successfully initialized
2022-06-14 14:03:16 INFO  ConnectionPoolListener:29 - Pool successfully destroyed
2022-06-14 14:04:16 INFO  ConnectionPoolListener:24 - Pool successfully initialized
2022-06-14 14:04:25 INFO  ConnectionPoolListener:29 - Pool successfully destroyed
2022-06-14 14:17:43 INFO  ConnectionPoolListener:24 - Pool successfully initialized
2022-06-14 14:17:51 INFO  ConnectionPoolListener:29 - Pool successfully destroyed
2022-06-14 14:18:34 INFO  ConnectionPoolListener:24 - Pool successfully initialized
2022-06-14 14:18:42 INFO  ConnectionPoolListener:29 - Pool successfully destroyed
2022-06-14 14:21:28 INFO  ConnectionPoolListener:24 - Pool successfully initialized
2022-06-14 14:21:36 INFO  ConnectionPoolListener:29 - Pool successfully destroyed
2022-06-14 14:23:47 INFO  ConnectionPoolListener:24 - Pool successfully initialized
2022-06-14 14:26:56 INFO  ConnectionPoolListener:29 - Pool successfully destroyed
2022-06-14 14:37:07 INFO  ConnectionPoolListener:24 - Pool successfully initialized
2022-06-14 14:37:15 INFO  ConnectionPoolListener:29 - Pool successfully destroyed
2022-06-14 14:38:19 INFO  ConnectionPoolListener:24 - Pool successfully initialized
2022-06-14 14:38:28 INFO  ConnectionPoolListener:29 - Pool successfully destroyed
2022-06-14 14:39:15 INFO  ConnectionPoolListener:24 - Pool successfully initialized
2022-06-14 14:39:24 INFO  ConnectionPoolListener:29 - Pool successfully destroyed
2022-06-14 14:43:22 INFO  ConnectionPoolListener:24 - Pool successfully initialized
2022-06-14 14:43:30 INFO  ConnectionPoolListener:29 - Pool successfully destroyed
2022-06-14 14:43:53 INFO  ConnectionPoolListener:24 - Pool successfully initialized
2022-06-14 14:44:07 INFO  ConnectionPoolListener:29 - Pool successfully destroyed
2022-06-14 14:46:55 INFO  ConnectionPoolListener:24 - Pool successfully initialized
2022-06-14 14:47:03 INFO  ConnectionPoolListener:29 - Pool successfully destroyed
2022-06-14 14:53:39 INFO  ConnectionPoolListener:24 - Pool successfully initialized
2022-06-14 16:01:44 INFO  ConnectionPoolListener:29 - Pool successfully destroyed
2022-06-14 20:03:12 INFO  ConnectionPoolListener:24 - Pool successfully initialized
2022-06-14 20:25:16 INFO  ConnectionPoolListener:29 - Pool successfully destroyed
2022-06-14 20:42:42 INFO  ConnectionPoolListener:24 - Pool successfully initialized
2022-06-14 20:42:52 INFO  ConnectionPoolListener:29 - Pool successfully destroyed
2022-06-14 20:49:36 INFO  ConnectionPoolListener:24 - Pool successfully initialized
2022-06-14 20:49:46 INFO  ConnectionPoolListener:29 - Pool successfully destroyed
2022-06-14 20:56:29 INFO  ConnectionPoolListener:24 - Pool successfully initialized
2022-06-14 20:56:37 INFO  ConnectionPoolListener:29 - Pool successfully destroyed
2022-06-14 21:10:40 INFO  ConnectionPoolListener:24 - Pool successfully initialized
2022-06-14 21:10:49 INFO  ConnectionPoolListener:29 - Pool successfully destroyed
2022-06-14 21:12:34 INFO  ConnectionPoolListener:24 - Pool successfully initialized
2022-06-14 21:12:35 INFO  ConnectionPoolListener:29 - Pool successfully destroyed
2022-06-14 21:12:45 INFO  ConnectionPoolListener:24 - Pool successfully initialized
2022-06-14 21:12:53 INFO  ConnectionPoolListener:29 - Pool successfully destroyed
2022-06-14 21:18:41 INFO  ConnectionPoolListener:24 - Pool successfully initialized
2022-06-14 21:31:42 INFO  ConnectionPoolListener:29 - Pool successfully destroyed
2022-06-14 21:58:21 INFO  ConnectionPoolListener:24 - Pool successfully initialized
2022-06-15 10:26:01 INFO  ConnectionPoolListener:29 - Pool successfully destroyed
2022-06-15 10:36:37 INFO  ConnectionPoolListener:24 - Pool successfully initialized
2022-06-15 11:08:34 INFO  ConnectionPoolListener:29 - Pool successfully destroyed
2022-06-15 11:10:43 INFO  ConnectionPoolListener:24 - Pool successfully initialized
2022-06-15 11:10:53 INFO  ConnectionPoolListener:29 - Pool successfully destroyed
2022-06-15 11:11:06 INFO  ConnectionPoolListener:24 - Pool successfully initialized
2022-06-15 11:11:15 INFO  ConnectionPoolListener:29 - Pool successfully destroyed
2022-06-15 11:12:05 INFO  ConnectionPoolListener:24 - Pool successfully initialized
2022-07-04 00:53:31 INFO  ConnectionWrapper:32 - Transaction started...
2022-07-04 00:53:31 INFO  ConnectionWrapper:44 - Transaction was committed...
2022-07-04 00:53:31 INFO  ConnectionWrapper:69 - Connection was closed...
2022-07-04 01:03:21 INFO  ConnectionWrapper:32 - Transaction started...
2022-07-04 01:03:21 INFO  ConnectionWrapper:44 - Transaction was committed...
2022-07-04 01:03:21 INFO  ConnectionWrapper:69 - Connection was closed...
2022-07-04 02:30:00 INFO  ConnectionPoolListener:27 - Pool successfully destroyed
2022-07-04 02:30:00 INFO  EncodingFilter:23 - Filter initialization starts
2022-07-04 02:30:00 INFO  EncodingFilter:26 - Filter initialization finished
2022-07-04 02:30:00 INFO  EncodingFilter:38 - Filter starts
2022-07-04 02:30:00 INFO  EncodingFilter:49 - Filter finished
2022-07-04 02:30:01 INFO  EncodingFilter:38 - Filter starts
2022-07-04 02:30:01 INFO  EncodingFilter:49 - Filter finished
2022-07-04 02:30:01 INFO  EncodingFilter:38 - Filter starts
2022-07-04 02:30:01 INFO  EncodingFilter:49 - Filter finished
2022-07-04 02:30:01 WARN  SecurityFilter:75 - Access restrict. Trying to access: /images/favicon.ico
2022-07-04 02:30:04 INFO  EncodingFilter:38 - Filter starts
2022-07-04 02:30:04 INFO  EncodingFilter:49 - Filter finished
2022-07-04 02:30:07 INFO  EncodingFilter:38 - Filter starts
2022-07-04 02:30:07 INFO  EncodingFilter:49 - Filter finished
2022-07-04 02:30:07 INFO  EncodingFilter:38 - Filter starts
2022-07-04 02:30:07 INFO  EncodingFilter:49 - Filter finished
2022-07-04 02:30:08 INFO  EncodingFilter:38 - Filter starts
2022-07-04 02:30:08 INFO  EncodingFilter:49 - Filter finished
2022-07-04 02:30:09 INFO  EncodingFilter:38 - Filter starts
2022-07-04 02:30:09 INFO  EncodingFilter:49 - Filter finished
2022-07-04 02:30:11 INFO  EncodingFilter:38 - Filter starts
2022-07-04 02:30:11 INFO  EncodingFilter:49 - Filter finished
2022-07-04 02:30:11 INFO  EncodingFilter:38 - Filter starts
2022-07-04 02:30:11 INFO  EncodingFilter:49 - Filter finished
2022-07-04 02:30:12 INFO  EncodingFilter:38 - Filter starts
2022-07-04 02:30:12 INFO  EncodingFilter:49 - Filter finished
2022-07-04 02:30:12 INFO  EncodingFilter:38 - Filter starts
2022-07-04 02:30:12 INFO  EncodingFilter:49 - Filter finished
2022-07-04 02:30:15 INFO  EncodingFilter:38 - Filter starts
2022-07-04 02:30:15 INFO  EncodingFilter:49 - Filter finished
2022-07-04 02:30:15 INFO  EncodingFilter:38 - Filter starts
2022-07-04 02:30:15 INFO  EncodingFilter:49 - Filter finished
2022-07-04 02:30:16 INFO  EncodingFilter:38 - Filter starts
2022-07-04 02:30:16 INFO  EncodingFilter:49 - Filter finished
2022-07-04 02:30:16 INFO  EncodingFilter:38 - Filter starts
2022-07-04 02:30:16 INFO  EncodingFilter:49 - Filter finished
2022-07-04 02:30:17 INFO  EncodingFilter:38 - Filter starts
2022-07-04 02:30:17 INFO  EncodingFilter:49 - Filter finished
2022-07-04 02:30:31 INFO  EncodingFilter:30 - Filter destruction starts
2022-07-04 02:30:31 INFO  EncodingFilter:33 - Filter destruction finished
2022-07-04 02:30:31 INFO  ConnectionPoolListener:21 - Pool successfully initialized
2022-07-04 02:30:40 INFO  ConnectionPoolListener:27 - Pool successfully destroyed
2022-07-04 02:30:40 INFO  EncodingFilter:23 - Filter initialization starts
2022-07-04 02:30:40 INFO  EncodingFilter:26 - Filter initialization finished
2022-07-04 02:30:40 INFO  EncodingFilter:38 - Filter starts
2022-07-04 02:30:40 INFO  EncodingFilter:49 - Filter finished
2022-07-04 02:30:41 INFO  EncodingFilter:38 - Filter starts
2022-07-04 02:30:41 INFO  EncodingFilter:49 - Filter finished
2022-07-04 02:30:43 INFO  EncodingFilter:38 - Filter starts
2022-07-04 02:30:43 INFO  EncodingFilter:49 - Filter finished
2022-07-04 02:30:46 INFO  EncodingFilter:38 - Filter starts
2022-07-04 02:30:46 INFO  EncodingFilter:49 - Filter finished
2022-07-04 02:30:46 INFO  EncodingFilter:38 - Filter starts
2022-07-04 02:30:46 INFO  EncodingFilter:49 - Filter finished
2022-07-04 02:30:47 INFO  EncodingFilter:38 - Filter starts
2022-07-04 02:30:47 INFO  EncodingFilter:49 - Filter finished
2022-07-04 02:30:48 INFO  EncodingFilter:38 - Filter starts
2022-07-04 02:30:48 INFO  EncodingFilter:49 - Filter finished
2022-07-04 02:30:48 INFO  EncodingFilter:38 - Filter starts
2022-07-04 02:30:48 INFO  EncodingFilter:49 - Filter finished
2022-07-04 02:30:49 INFO  EncodingFilter:38 - Filter starts
2022-07-04 02:30:49 INFO  EncodingFilter:49 - Filter finished
2022-07-04 02:30:49 INFO  EncodingFilter:38 - Filter starts
2022-07-04 02:30:49 INFO  EncodingFilter:49 - Filter finished
2022-07-04 02:30:52 INFO  EncodingFilter:38 - Filter starts
2022-07-04 02:30:52 INFO  EncodingFilter:49 - Filter finished
2022-07-04 02:30:52 INFO  EncodingFilter:38 - Filter starts
2022-07-04 02:30:52 INFO  EncodingFilter:49 - Filter finished
2022-07-04 02:31:10 INFO  EncodingFilter:38 - Filter starts
2022-07-04 02:31:10 INFO  EncodingFilter:49 - Filter finished
2022-07-04 02:31:11 INFO  EncodingFilter:38 - Filter starts
2022-07-04 02:31:11 INFO  EncodingFilter:49 - Filter finished
2022-07-04 02:31:11 INFO  EncodingFilter:38 - Filter starts
2022-07-04 02:31:11 INFO  EncodingFilter:49 - Filter finished
2022-07-04 02:31:12 INFO  EncodingFilter:38 - Filter starts
2022-07-04 02:31:12 INFO  EncodingFilter:49 - Filter finished
2022-07-04 02:31:12 INFO  EncodingFilter:38 - Filter starts
2022-07-04 02:31:12 INFO  EncodingFilter:49 - Filter finished
2022-07-04 02:31:14 INFO  EncodingFilter:38 - Filter starts
2022-07-04 02:31:14 INFO  EncodingFilter:49 - Filter finished
2022-07-04 02:31:14 INFO  EncodingFilter:38 - Filter starts
2022-07-04 02:31:14 INFO  EncodingFilter:49 - Filter finished
2022-07-04 02:31:15 INFO  EncodingFilter:38 - Filter starts
2022-07-04 02:31:15 INFO  EncodingFilter:49 - Filter finished
2022-07-04 02:31:15 INFO  EncodingFilter:38 - Filter starts
2022-07-04 02:31:15 INFO  EncodingFilter:49 - Filter finished
2022-07-04 02:31:16 INFO  EncodingFilter:38 - Filter starts
2022-07-04 02:31:16 INFO  EncodingFilter:49 - Filter finished
2022-07-04 02:31:16 INFO  EncodingFilter:38 - Filter starts
2022-07-04 02:31:16 INFO  EncodingFilter:49 - Filter finished
2022-07-04 02:31:17 INFO  EncodingFilter:38 - Filter starts
2022-07-04 02:31:17 INFO  EncodingFilter:49 - Filter finished
2022-07-04 02:31:17 INFO  EncodingFilter:38 - Filter starts
2022-07-04 02:31:17 INFO  EncodingFilter:49 - Filter finished
2022-07-04 02:31:18 INFO  EncodingFilter:38 - Filter starts
2022-07-04 02:31:18 INFO  EncodingFilter:49 - Filter finished
2022-07-04 02:31:18 INFO  EncodingFilter:38 - Filter starts
2022-07-04 02:31:18 INFO  EncodingFilter:49 - Filter finished
2022-07-04 02:31:20 INFO  EncodingFilter:38 - Filter starts
2022-07-04 02:31:20 INFO  EncodingFilter:49 - Filter finished
2022-07-04 02:31:20 INFO  EncodingFilter:38 - Filter starts
2022-07-04 02:31:20 INFO  EncodingFilter:49 - Filter finished
2022-07-04 02:31:21 INFO  EncodingFilter:38 - Filter starts
2022-07-04 02:31:21 INFO  EncodingFilter:49 - Filter finished
2022-07-04 02:31:23 INFO  EncodingFilter:38 - Filter starts
2022-07-04 02:31:23 INFO  EncodingFilter:49 - Filter finished
2022-07-04 02:33:25 INFO  EncodingFilter:30 - Filter destruction starts
2022-07-04 02:33:25 INFO  EncodingFilter:33 - Filter destruction finished
2022-07-04 02:33:25 INFO  ConnectionPoolListener:21 - Pool successfully initialized
2022-07-04 14:57:26 INFO  ConnectionPoolListener:27 - Pool successfully destroyed
2022-07-04 14:57:28 WARN  SecurityFilter:75 - Access restrict. Trying to access: /images/favicon.ico
2022-07-04 15:00:37 INFO  ConnectionPoolListener:21 - Pool successfully initialized
2022-07-04 15:10:48 INFO  ConnectionPoolListener:27 - Pool successfully destroyed
2022-07-04 15:12:21 INFO  ConnectionPoolListener:21 - Pool successfully initialized
2022-07-04 15:12:31 INFO  ConnectionPoolListener:27 - Pool successfully destroyed
2022-07-04 15:13:54 INFO  ConnectionPoolListener:21 - Pool successfully initialized
2022-07-04 15:20:36 INFO  ConnectionPoolListener:27 - Pool successfully destroyed
2022-07-04 15:20:38 WARN  SecurityFilter:75 - Access restrict. Trying to access: /images/favicon.ico
2022-07-04 15:23:42 INFO  ConnectionPoolListener:21 - Pool successfully initialized
2022-07-04 15:23:52 INFO  ConnectionPoolListener:27 - Pool successfully destroyed
2022-07-04 15:23:54 WARN  SecurityFilter:75 - Access restrict. Trying to access: /images/favicon.ico
2022-07-04 15:24:12 INFO  ConnectionPoolListener:21 - Pool successfully initialized
2022-07-04 15:24:20 INFO  ConnectionPoolListener:27 - Pool successfully destroyed
2022-07-04 15:24:22 WARN  SecurityFilter:75 - Access restrict. Trying to access: /images/favicon.ico
2022-07-04 15:25:29 INFO  ConnectionPoolListener:21 - Pool successfully initialized
2022-07-04 17:37:48 INFO  ConnectionPoolListener:27 - Pool successfully destroyed
2022-07-04 17:37:49 WARN  SecurityFilter:75 - Access restrict. Trying to access: /images/favicon.ico
2022-07-04 18:10:20 WARN  SecurityFilter:75 - Access restrict. Trying to access: command=ADD_TEACHER
2022-07-04 19:36:18 INFO  ConnectionPoolListener:21 - Pool successfully initialized
